<?xml version="1.0" encoding="utf-8"?><testsuites><testsuite name="pytest" errors="0" failures="0" skipped="0" tests="5" time="5.303" timestamp="2024-06-30T19:54:33.060234" hostname="ip-172-31-81-193"><testcase classname="test.integration.todoApiTest.TestApi" name="test_api_addtodo" time="0.758" /><testcase classname="test.integration.todoApiTest.TestApi" name="test_api_deletetodo" time="1.041" /><testcase classname="test.integration.todoApiTest.TestApi" name="test_api_gettodo" time="1.156" /><testcase classname="test.integration.todoApiTest.TestApi" name="test_api_listtodos" time="0.792" /><testcase classname="test.integration.todoApiTest.TestApi" name="test_api_updatetodo" time="1.431" /></testsuite></testsuites>